<?xml version="1.0" encoding="UTF-8"?>
<testsuites>
	<testsuite>
		
			
				
					<testcase classname="js.main" name="main.js:1:28">
						<failure message="1:28: Expected exactly one space between 'function' and '('." />
					</testcase>
				
					<testcase classname="js.main" name="main.js:1:30">
						<failure message="1:30: Expected exactly one space between ')' and '{'." />
					</testcase>
				
					<testcase classname="js.main" name="main.js:1:30">
						<failure message="1:30: Missing space between ')' and '{'." />
					</testcase>
				
					<testcase classname="js.main" name="main.js:2:3">
						<failure message="2:3: Missing 'use strict' statement." />
					</testcase>
				
					<testcase classname="js.main" name="main.js:3:29">
						<failure message="3:29: Expected exactly one space between 'function' and '('." />
					</testcase>
				
					<testcase classname="js.main" name="main.js:7:35">
						<failure message="7:35: Expected exactly one space between 'function' and '('." />
					</testcase>
				
					<testcase classname="js.main" name="main.js:7:44">
						<failure message="7:44: Expected exactly one space between ')' and '{'." />
					</testcase>
				
					<testcase classname="js.main" name="main.js:7:44">
						<failure message="7:44: Missing space between ')' and '{'." />
					</testcase>
				
					<testcase classname="js.main" name="main.js:9:38">
						<failure message="9:38: Expected exactly one space between 'function' and '('." />
					</testcase>
				
					<testcase classname="js.main" name="main.js:9:48">
						<failure message="9:48: Expected exactly one space between ')' and '{'." />
					</testcase>
				
					<testcase classname="js.main" name="main.js:9:48">
						<failure message="9:48: Missing space between ')' and '{'." />
					</testcase>
				
					<testcase classname="js.main" name="main.js:12:13">
						<failure message="12:13: Combine this with the previous 'var' statement." />
					</testcase>
				
					<testcase classname="js.main" name="main.js:12:13">
						<failure message="12:13: 'weather_template' is already defined." />
					</testcase>
				
					<testcase classname="js.main" name="main.js:18:53">
						<failure message="18:53: Missing space between ',' and '1'." />
					</testcase>
				
					<testcase classname="js.main" name="main.js:23:53">
						<failure message="23:53: Missing space between ',' and '1'." />
					</testcase>
				
					<testcase classname="js.main" name="main.js:28:53">
						<failure message="28:53: Missing space between ',' and '1'." />
					</testcase>
				
					<testcase classname="js.main" name="main.js:33:53">
						<failure message="33:53: Missing space between ',' and '1'." />
					</testcase>
				
					<testcase classname="js.main" name="main.js:38:53">
						<failure message="38:53: Missing space between ',' and '1'." />
					</testcase>
				
					<testcase classname="js.main" name="main.js:47:13">
						<failure message="47:13: Combine this with the previous 'var' statement." />
					</testcase>
				
					<testcase classname="js.main" name="main.js:48:46">
						<failure message="48:46: Expected exactly one space between 'function' and '('." />
					</testcase>
				
					<testcase classname="js.main" name="main.js:48:48">
						<failure message="48:48: Expected exactly one space between ')' and '{'." />
					</testcase>
				
					<testcase classname="js.main" name="main.js:48:48">
						<failure message="48:48: Missing space between ')' and '{'." />
					</testcase>
				
					<testcase classname="js.main" name="main.js:54:24">
						<failure message="54:24: Expected an assignment or function call and instead saw an expression." />
					</testcase>
				
					<testcase classname="js.main" name="main.js:58:13">
						<failure message="58:13: Combine this with the previous 'var' statement." />
					</testcase>
				
					<testcase classname="js.main" name="main.js:60:39">
						<failure message="60:39: Expected exactly one space between 'function' and '('." />
					</testcase>
				
					<testcase classname="js.main" name="main.js:60:53">
						<failure message="60:53: Expected exactly one space between ')' and '{'." />
					</testcase>
				
					<testcase classname="js.main" name="main.js:60:53">
						<failure message="60:53: Missing space between ')' and '{'." />
					</testcase>
				
					<testcase classname="js.main" name="main.js:61:52">
						<failure message="61:52: Missing space between 'index' and '*'." />
					</testcase>
				
					<testcase classname="js.main" name="main.js:61:53">
						<failure message="61:53: Missing space between '*' and '2'." />
					</testcase>
				
					<testcase classname="js.main" name="main.js:61:84">
						<failure message="61:84: Missing space between 'index' and '*'." />
					</testcase>
				
					<testcase classname="js.main" name="main.js:61:85">
						<failure message="61:85: Missing space between '*' and '2'." />
					</testcase>
				
					<testcase classname="js.main" name="main.js:62:32">
						<failure message="62:32: Missing space between 'url' and '+'." />
					</testcase>
				
					<testcase classname="js.main" name="main.js:62:33">
						<failure message="62:33: Missing space between '+' and '?1'." />
					</testcase>
				
					<testcase classname="js.main" name="main.js:62:47">
						<failure message="62:47: Expected exactly one space between 'function' and '('." />
					</testcase>
				
					<testcase classname="js.main" name="main.js:62:49">
						<failure message="62:49: Expected exactly one space between ')' and '{'." />
					</testcase>
				
					<testcase classname="js.main" name="main.js:62:49">
						<failure message="62:49: Missing space between ')' and '{'." />
					</testcase>
				
					<testcase classname="js.main" name="main.js:66:1">
						<failure message="66:1: Unexpected '(space)'." />
					</testcase>
				
					<testcase classname="js.main" name="main.js:68:57">
						<failure message="68:57: Missing space between 'visibility' and '='." />
					</testcase>
				
					<testcase classname="js.main" name="main.js:68:58">
						<failure message="68:58: Missing space between '=' and 'visible'." />
					</testcase>
				
					<testcase classname="js.main" name="main.js:70:13">
						<failure message="70:13: Combine this with the previous 'var' statement." />
					</testcase>
				
					<testcase classname="js.main" name="main.js:71:13">
						<failure message="71:13: Combine this with the previous 'var' statement." />
					</testcase>
				
					<testcase classname="js.main" name="main.js:73:11">
						<failure message="73:11: Expected exactly one space between 'if' and '('." />
					</testcase>
				
					<testcase classname="js.main" name="main.js:73:48">
						<failure message="73:48: Missing space between ',' and '10'." />
					</testcase>
				
					<testcase classname="js.main" name="main.js:76:62">
						<failure message="76:62: Missing space between ',' and '10'." />
					</testcase>
				
					<testcase classname="js.main" name="main.js:76:85">
						<failure message="76:85: Expected exactly one space between 'function' and '('." />
					</testcase>
				
					<testcase classname="js.main" name="main.js:76:89">
						<failure message="76:89: Expected exactly one space between ')' and '{'." />
					</testcase>
				
					<testcase classname="js.main" name="main.js:76:89">
						<failure message="76:89: Missing space between ')' and '{'." />
					</testcase>
				
					<testcase classname="js.main" name="main.js:81:13">
						<failure message="81:13: Combine this with the previous 'var' statement." />
					</testcase>
				
					<testcase classname="js.main" name="main.js:82:13">
						<failure message="82:13: Combine this with the previous 'var' statement." />
					</testcase>
				
					<testcase classname="js.main" name="main.js:82:27">
						<failure message="82:27: Missing radix parameter." />
					</testcase>
				
					<testcase classname="js.main" name="main.js:82:27">
						<failure message="82:27: Too many errors. (25% scanned)." />
					</testcase>
				
			
		
			
				
					<testcase classname="js.nouns" name="nouns.js:10:17">
						<failure message="10:17: Expected exactly one space between ')' and '{'." />
					</testcase>
				
					<testcase classname="js.nouns" name="nouns.js:10:17">
						<failure message="10:17: Missing space between ')' and '{'." />
					</testcase>
				
					<testcase classname="js.nouns" name="nouns.js:12:1">
						<failure message="12:1: Missing 'use strict' statement." />
					</testcase>
				
			
		
			
				
					<testcase classname="js.numfader" name="numfader.js:14:24">
						<failure message="14:24: Expected exactly one space between 'function' and '('." />
					</testcase>
				
					<testcase classname="js.numfader" name="numfader.js:14:28">
						<failure message="14:28: Expected exactly one space between ')' and '{'." />
					</testcase>
				
					<testcase classname="js.numfader" name="numfader.js:14:28">
						<failure message="14:28: Missing space between ')' and '{'." />
					</testcase>
				
					<testcase classname="js.numfader" name="numfader.js:17:3">
						<failure message="17:3: Missing 'use strict' statement." />
					</testcase>
				
					<testcase classname="js.numfader" name="numfader.js:18:1">
						<failure message="18:1: Unexpected '(space)'." />
					</testcase>
				
					<testcase classname="js.numfader" name="numfader.js:19:44">
						<failure message="19:44: Expected exactly one space between 'function' and '('." />
					</testcase>
				
					<testcase classname="js.numfader" name="numfader.js:19:50">
						<failure message="19:50: Missing space between ',' and 'to'." />
					</testcase>
				
					<testcase classname="js.numfader" name="numfader.js:19:53">
						<failure message="19:53: Missing space between ',' and 'interval'." />
					</testcase>
				
					<testcase classname="js.numfader" name="numfader.js:19:62">
						<failure message="19:62: Missing space between ',' and 'callback'." />
					</testcase>
				
					<testcase classname="js.numfader" name="numfader.js:20:7">
						<failure message="20:7: Expected exactly one space between 'if' and '('." />
					</testcase>
				
					<testcase classname="js.numfader" name="numfader.js:24:9">
						<failure message="24:9: Combine this with the previous 'var' statement." />
					</testcase>
				
					<testcase classname="js.numfader" name="numfader.js:24:37">
						<failure message="24:37: Expected exactly one space between 'function' and '('." />
					</testcase>
				
					<testcase classname="js.numfader" name="numfader.js:24:39">
						<failure message="24:39: Expected exactly one space between ')' and '{'." />
					</testcase>
				
					<testcase classname="js.numfader" name="numfader.js:24:39">
						<failure message="24:39: Missing space between ')' and '{'." />
					</testcase>
				
					<testcase classname="js.numfader" name="numfader.js:25:11">
						<failure message="25:11: Unexpected dangling '_' in '_incrementNum'." />
					</testcase>
				
					<testcase classname="js.numfader" name="numfader.js:25:27">
						<failure message="25:27: Missing space between ',' and 'to'." />
					</testcase>
				
					<testcase classname="js.numfader" name="numfader.js:27:9">
						<failure message="27:9: Expected exactly one space between 'if' and '('." />
					</testcase>
				
					<testcase classname="js.numfader" name="numfader.js:29:11">
						<failure message="29:11: Expected exactly one space between 'if' and '('." />
					</testcase>
				
					<testcase classname="js.numfader" name="numfader.js:29:21">
						<failure message="29:21: Expected exactly one space between ')' and '{'." />
					</testcase>
				
					<testcase classname="js.numfader" name="numfader.js:29:21">
						<failure message="29:21: Missing space between ')' and '{'." />
					</testcase>
				
					<testcase classname="js.numfader" name="numfader.js:36:56">
						<failure message="36:56: Expected exactly one space between 'function' and '('." />
					</testcase>
				
					<testcase classname="js.numfader" name="numfader.js:36:65">
						<failure message="36:65: Missing space between ',' and 'toRGB'." />
					</testcase>
				
					<testcase classname="js.numfader" name="numfader.js:36:71">
						<failure message="36:71: Missing space between ',' and 'interval'." />
					</testcase>
				
					<testcase classname="js.numfader" name="numfader.js:36:80">
						<failure message="36:80: Missing space between ',' and 'callback'." />
					</testcase>
				
					<testcase classname="js.numfader" name="numfader.js:36:89">
						<failure message="36:89: Expected exactly one space between ')' and '{'." />
					</testcase>
				
					<testcase classname="js.numfader" name="numfader.js:36:89">
						<failure message="36:89: Missing space between ')' and '{'." />
					</testcase>
				
					<testcase classname="js.numfader" name="numfader.js:37:7">
						<failure message="37:7: Expected exactly one space between 'if' and '('." />
					</testcase>
				
					<testcase classname="js.numfader" name="numfader.js:41:9">
						<failure message="41:9: Combine this with the previous 'var' statement." />
					</testcase>
				
					<testcase classname="js.numfader" name="numfader.js:42:9">
						<failure message="42:9: Combine this with the previous 'var' statement." />
					</testcase>
				
					<testcase classname="js.numfader" name="numfader.js:43:9">
						<failure message="43:9: Combine this with the previous 'var' statement." />
					</testcase>
				
					<testcase classname="js.numfader" name="numfader.js:43:37">
						<failure message="43:37: Expected exactly one space between 'function' and '('." />
					</testcase>
				
					<testcase classname="js.numfader" name="numfader.js:43:39">
						<failure message="43:39: Expected exactly one space between ')' and '{'." />
					</testcase>
				
					<testcase classname="js.numfader" name="numfader.js:43:39">
						<failure message="43:39: Missing space between ')' and '{'." />
					</testcase>
				
					<testcase classname="js.numfader" name="numfader.js:44:11">
						<failure message="44:11: Unexpected dangling '_' in '_incrementNum'." />
					</testcase>
				
					<testcase classname="js.numfader" name="numfader.js:44:27">
						<failure message="44:27: Missing space between ',' and 'toRGB'." />
					</testcase>
				
					<testcase classname="js.numfader" name="numfader.js:45:11">
						<failure message="45:11: Unexpected dangling '_' in '_incrementNum'." />
					</testcase>
				
					<testcase classname="js.numfader" name="numfader.js:45:27">
						<failure message="45:27: Missing space between ',' and 'toRGB'." />
					</testcase>
				
					<testcase classname="js.numfader" name="numfader.js:46:11">
						<failure message="46:11: Unexpected dangling '_' in '_incrementNum'." />
					</testcase>
				
					<testcase classname="js.numfader" name="numfader.js:46:27">
						<failure message="46:27: Missing space between ',' and 'toRGB'." />
					</testcase>
				
					<testcase classname="js.numfader" name="numfader.js:47:40">
						<failure message="47:40: Missing space between 'rgb(' and '+'." />
					</testcase>
				
					<testcase classname="js.numfader" name="numfader.js:47:41">
						<failure message="47:41: Missing space between '+' and 'r'." />
					</testcase>
				
					<testcase classname="js.numfader" name="numfader.js:47:42">
						<failure message="47:42: Missing space between 'r' and '+'." />
					</testcase>
				
					<testcase classname="js.numfader" name="numfader.js:47:43">
						<failure message="47:43: Missing space between '+' and ','." />
					</testcase>
				
					<testcase classname="js.numfader" name="numfader.js:47:46">
						<failure message="47:46: Missing space between ',' and '+'." />
					</testcase>
				
					<testcase classname="js.numfader" name="numfader.js:47:47">
						<failure message="47:47: Missing space between '+' and 'g'." />
					</testcase>
				
					<testcase classname="js.numfader" name="numfader.js:47:48">
						<failure message="47:48: Missing space between 'g' and '+'." />
					</testcase>
				
					<testcase classname="js.numfader" name="numfader.js:47:49">
						<failure message="47:49: Missing space between '+' and ','." />
					</testcase>
				
					<testcase classname="js.numfader" name="numfader.js:47:52">
						<failure message="47:52: Missing space between ',' and '+'." />
					</testcase>
				
					<testcase classname="js.numfader" name="numfader.js:47:53">
						<failure message="47:53: Missing space between '+' and 'b'." />
					</testcase>
				
					<testcase classname="js.numfader" name="numfader.js:47:54">
						<failure message="47:54: Missing space between 'b' and '+'." />
					</testcase>
				
					<testcase classname="js.numfader" name="numfader.js:47:54">
						<failure message="47:54: Too many errors. (70% scanned)." />
					</testcase>
				
			
		
			
				
					<testcase classname="js.tests" name="tests.js:2:27">
						<failure message="2:27: Expected exactly one space between 'function' and '('." />
					</testcase>
				
					<testcase classname="js.tests" name="tests.js:3:5">
						<failure message="3:5: Missing 'use strict' statement." />
					</testcase>
				
					<testcase classname="js.tests" name="tests.js:3:5">
						<failure message="3:5: Expected 'var' at column 3, not column 5." />
					</testcase>
				
			
		
			
				
					<testcase classname="js.weather" name="weather.js:1:28">
						<failure message="1:28: Expected exactly one space between 'function' and '('." />
					</testcase>
				
					<testcase classname="js.weather" name="weather.js:3:3">
						<failure message="3:3: Missing 'use strict' statement." />
					</testcase>
				
					<testcase classname="js.weather" name="weather.js:7:5">
						<failure message="7:5: Expected exactly one space between 'if' and '('." />
					</testcase>
				
					<testcase classname="js.weather" name="weather.js:15:50">
						<failure message="15:50: Expected exactly one space between 'function' and '('." />
					</testcase>
				
					<testcase classname="js.weather" name="weather.js:17:47">
						<failure message="17:47: Missing space between 'http://api.wunderground.com/api/' and '+'." />
					</testcase>
				
					<testcase classname="js.weather" name="weather.js:17:48">
						<failure message="17:48: Missing space between '+' and 'apiKey'." />
					</testcase>
				
					<testcase classname="js.weather" name="weather.js:17:54">
						<failure message="17:54: Missing space between 'apiKey' and '+'." />
					</testcase>
				
					<testcase classname="js.weather" name="weather.js:17:55">
						<failure message="17:55: Missing space between '+' and '/geolookup/conditions/q/zmw:00000.1.71623.json'." />
					</testcase>
				
					<testcase classname="js.weather" name="weather.js:20:25">
						<failure message="20:25: Expected exactly one space between 'function' and '('." />
					</testcase>
				
					<testcase classname="js.weather" name="weather.js:22:59">
						<failure message="22:59: Missing space between 'feelslike_' and '+'." />
					</testcase>
				
					<testcase classname="js.weather" name="weather.js:22:60">
						<failure message="22:60: Missing space between '+' and 'wunderground'." />
					</testcase>
				
					<testcase classname="js.weather" name="weather.js:23:49">
						<failure message="23:49: Missing space between 'temp_' and '+'." />
					</testcase>
				
					<testcase classname="js.weather" name="weather.js:23:50">
						<failure message="23:50: Missing space between '+' and 'wunderground'." />
					</testcase>
				
					<testcase classname="js.weather" name="weather.js:29:11">
						<failure message="29:11: Expected exactly one space between 'if' and '('." />
					</testcase>
				
					<testcase classname="js.weather" name="weather.js:29:21">
						<failure message="29:21: Expected exactly one space between ')' and '{'." />
					</testcase>
				
					<testcase classname="js.weather" name="weather.js:29:21">
						<failure message="29:21: Missing space between ')' and '{'." />
					</testcase>
				
					<testcase classname="js.weather" name="weather.js:36:51">
						<failure message="36:51: Expected exactly one space between 'function' and '('." />
					</testcase>
				
					<testcase classname="js.weather" name="weather.js:36:61">
						<failure message="36:61: Expected exactly one space between ')' and '{'." />
					</testcase>
				
					<testcase classname="js.weather" name="weather.js:36:61">
						<failure message="36:61: Missing space between ')' and '{'." />
					</testcase>
				
					<testcase classname="js.weather" name="weather.js:38:47">
						<failure message="38:47: Missing space between 'http://api.wunderground.com/api/' and '+'." />
					</testcase>
				
					<testcase classname="js.weather" name="weather.js:38:48">
						<failure message="38:48: Missing space between '+' and 'apiKey'." />
					</testcase>
				
					<testcase classname="js.weather" name="weather.js:38:54">
						<failure message="38:54: Missing space between 'apiKey' and '+'." />
					</testcase>
				
					<testcase classname="js.weather" name="weather.js:38:55">
						<failure message="38:55: Missing space between '+' and '/forecast10day/q/zmw:00000.1.71623.json'." />
					</testcase>
				
					<testcase classname="js.weather" name="weather.js:40:25">
						<failure message="40:25: Expected exactly one space between 'function' and '('." />
					</testcase>
				
					<testcase classname="js.weather" name="weather.js:44:1">
						<failure message="44:1: Unexpected '(space)'." />
					</testcase>
				
					<testcase classname="js.weather" name="weather.js:45:12">
						<failure message="45:12: Missing space between 'for' and '('." />
					</testcase>
				
					<testcase classname="js.weather" name="weather.js:45:13">
						<failure message="45:13: Move 'var' declarations to the top of the function." />
					</testcase>
				
					<testcase classname="js.weather" name="weather.js:45:13">
						<failure message="45:13: Stopping. (60% scanned)." />
					</testcase>
				
			
		
	</testsuite>
</testsuites>